INFO: [VRFC 10-2263] Analyzing Verilog file "/inner_space/shakti/correlator/c-class/base-sim/verilog/BRAM2BELoad.v" into library xil_defaultlib
INFO: [VRFC 10-311] analyzing module BRAM2BELoad
INFO: [VRFC 10-2263] Analyzing Verilog file "/inner_space/shakti/correlator/c-class/base-sim/verilog/ClockInverter.v" into library xil_defaultlib
INFO: [VRFC 10-311] analyzing module ClockInverter
INFO: [VRFC 10-2263] Analyzing Verilog file "/inner_space/shakti/correlator/c-class/base-sim/verilog/Counter.v" into library xil_defaultlib
INFO: [VRFC 10-311] analyzing module Counter
INFO: [VRFC 10-2263] Analyzing Verilog file "/inner_space/shakti/correlator/c-class/base-sim/verilog/FIFO1.v" into library xil_defaultlib
INFO: [VRFC 10-311] analyzing module FIFO1
INFO: [VRFC 10-2263] Analyzing Verilog file "/inner_space/shakti/correlator/c-class/base-sim/verilog/FIFO10.v" into library xil_defaultlib
INFO: [VRFC 10-311] analyzing module FIFO10
INFO: [VRFC 10-2263] Analyzing Verilog file "/inner_space/shakti/correlator/c-class/base-sim/verilog/FIFO2.v" into library xil_defaultlib
INFO: [VRFC 10-311] analyzing module FIFO2
INFO: [VRFC 10-2263] Analyzing Verilog file "/inner_space/shakti/correlator/c-class/base-sim/verilog/FIFOL1.v" into library xil_defaultlib
INFO: [VRFC 10-311] analyzing module FIFOL1
INFO: [VRFC 10-2263] Analyzing Verilog file "/inner_space/shakti/correlator/c-class/base-sim/verilog/MakeClock.v" into library xil_defaultlib
INFO: [VRFC 10-311] analyzing module MakeClock
INFO: [VRFC 10-2263] Analyzing Verilog file "/inner_space/shakti/correlator/c-class/base-sim/verilog/MakeReset0.v" into library xil_defaultlib
INFO: [VRFC 10-311] analyzing module MakeReset0
INFO: [VRFC 10-2263] Analyzing Verilog file "/inner_space/shakti/correlator/c-class/base-sim/verilog/RegFile.v" into library xil_defaultlib
INFO: [VRFC 10-311] analyzing module RegFile
INFO: [VRFC 10-2263] Analyzing Verilog file "/inner_space/shakti/correlator/c-class/base-sim/verilog/ResetEither.v" into library xil_defaultlib
INFO: [VRFC 10-311] analyzing module ResetEither
INFO: [VRFC 10-2263] Analyzing Verilog file "/inner_space/shakti/correlator/c-class/base-sim/verilog/RevertReg.v" into library xil_defaultlib
INFO: [VRFC 10-311] analyzing module RevertReg
INFO: [VRFC 10-2263] Analyzing Verilog file "/inner_space/shakti/correlator/c-class/base-sim/verilog/SizedFIFO.v" into library xil_defaultlib
INFO: [VRFC 10-311] analyzing module SizedFIFO
INFO: [VRFC 10-2263] Analyzing Verilog file "/inner_space/shakti/correlator/c-class/base-sim/verilog/SyncFIFO1.v" into library xil_defaultlib
INFO: [VRFC 10-311] analyzing module SyncFIFO1
INFO: [VRFC 10-2263] Analyzing Verilog file "/inner_space/shakti/correlator/c-class/base-sim/verilog/SyncReset0.v" into library xil_defaultlib
INFO: [VRFC 10-311] analyzing module SyncReset0
INFO: [VRFC 10-2263] Analyzing Verilog file "/inner_space/shakti/correlator/c-class/base-sim/verilog/bram_1rw.v" into library xil_defaultlib
INFO: [VRFC 10-311] analyzing module bram_1rw
INFO: [VRFC 10-2263] Analyzing Verilog file "/inner_space/shakti/correlator/c-class/base-sim/verilog/mkSoc.v" into library xil_defaultlib
INFO: [VRFC 10-311] analyzing module mkSoc
INFO: [VRFC 10-2263] Analyzing Verilog file "/inner_space/shakti/correlator/c-class/base-sim/verilog/mk_csr_daisy.v" into library xil_defaultlib
INFO: [VRFC 10-311] analyzing module mk_csr_daisy
INFO: [VRFC 10-2263] Analyzing Verilog file "/inner_space/shakti/correlator/c-class/base-sim/verilog/mk_csr_grp1.v" into library xil_defaultlib
INFO: [VRFC 10-311] analyzing module mk_csr_grp1
INFO: [VRFC 10-2263] Analyzing Verilog file "/inner_space/shakti/correlator/c-class/base-sim/verilog/mk_csr_grp2.v" into library xil_defaultlib
INFO: [VRFC 10-311] analyzing module mk_csr_grp2
INFO: [VRFC 10-2263] Analyzing Verilog file "/inner_space/shakti/correlator/c-class/base-sim/verilog/mk_csr_grp3.v" into library xil_defaultlib
INFO: [VRFC 10-311] analyzing module mk_csr_grp3
INFO: [VRFC 10-2263] Analyzing Verilog file "/inner_space/shakti/correlator/c-class/base-sim/verilog/mk_csr_grp4.v" into library xil_defaultlib
INFO: [VRFC 10-311] analyzing module mk_csr_grp4
INFO: [VRFC 10-2263] Analyzing Verilog file "/inner_space/shakti/correlator/c-class/base-sim/verilog/mk_csr_grp5.v" into library xil_defaultlib
INFO: [VRFC 10-311] analyzing module mk_csr_grp5
INFO: [VRFC 10-2263] Analyzing Verilog file "/inner_space/shakti/correlator/c-class/base-sim/verilog/mk_csr_grp6.v" into library xil_defaultlib
INFO: [VRFC 10-311] analyzing module mk_csr_grp6
INFO: [VRFC 10-2263] Analyzing Verilog file "/inner_space/shakti/correlator/c-class/base-sim/verilog/mk_csr_grp7.v" into library xil_defaultlib
INFO: [VRFC 10-311] analyzing module mk_csr_grp7
INFO: [VRFC 10-2263] Analyzing Verilog file "/inner_space/shakti/correlator/c-class/base-sim/verilog/mkbpu.v" into library xil_defaultlib
INFO: [VRFC 10-311] analyzing module mkbpu
INFO: [VRFC 10-2263] Analyzing Verilog file "/inner_space/shakti/correlator/c-class/base-sim/verilog/mkcclass_axi4.v" into library xil_defaultlib
INFO: [VRFC 10-311] analyzing module mkcclass_axi4
INFO: [VRFC 10-2263] Analyzing Verilog file "/inner_space/shakti/correlator/c-class/base-sim/verilog/mkcombo_mul.v" into library xil_defaultlib
INFO: [VRFC 10-311] analyzing module mkcombo_mul
INFO: [VRFC 10-2263] Analyzing Verilog file "/inner_space/shakti/correlator/c-class/base-sim/verilog/mkcsr.v" into library xil_defaultlib
INFO: [VRFC 10-311] analyzing module mkcsr
INFO: [VRFC 10-2263] Analyzing Verilog file "/inner_space/shakti/correlator/c-class/base-sim/verilog/mkdcache.v" into library xil_defaultlib
INFO: [VRFC 10-311] analyzing module mkdcache
INFO: [VRFC 10-2263] Analyzing Verilog file "/inner_space/shakti/correlator/c-class/base-sim/verilog/mkdmem.v" into library xil_defaultlib
INFO: [VRFC 10-311] analyzing module mkdmem
INFO: [VRFC 10-2263] Analyzing Verilog file "/inner_space/shakti/correlator/c-class/base-sim/verilog/mkfa_dtlb.v" into library xil_defaultlib
INFO: [VRFC 10-311] analyzing module mkfa_dtlb
INFO: [VRFC 10-2263] Analyzing Verilog file "/inner_space/shakti/correlator/c-class/base-sim/verilog/mkfa_itlb.v" into library xil_defaultlib
INFO: [VRFC 10-311] analyzing module mkfa_itlb
INFO: [VRFC 10-2263] Analyzing Verilog file "/inner_space/shakti/correlator/c-class/base-sim/verilog/mkfpu.v" into library xil_defaultlib
INFO: [VRFC 10-311] analyzing module mkfpu
INFO: [VRFC 10-2263] Analyzing Verilog file "/inner_space/shakti/correlator/c-class/base-sim/verilog/mkfwding.v" into library xil_defaultlib
INFO: [VRFC 10-311] analyzing module mkfwding
INFO: [VRFC 10-2263] Analyzing Verilog file "/inner_space/shakti/correlator/c-class/base-sim/verilog/mkicache.v" into library xil_defaultlib
INFO: [VRFC 10-311] analyzing module mkicache
INFO: [VRFC 10-2263] Analyzing Verilog file "/inner_space/shakti/correlator/c-class/base-sim/verilog/mkimem.v" into library xil_defaultlib
INFO: [VRFC 10-311] analyzing module mkimem
INFO: [VRFC 10-2263] Analyzing Verilog file "/inner_space/shakti/correlator/c-class/base-sim/verilog/mkitlb.v" into library xil_defaultlib
INFO: [VRFC 10-311] analyzing module mkitlb
INFO: [VRFC 10-2263] Analyzing Verilog file "/inner_space/shakti/correlator/c-class/base-sim/verilog/mkjtagdtm.v" into library xil_defaultlib
INFO: [VRFC 10-311] analyzing module mkjtagdtm
INFO: [VRFC 10-2263] Analyzing Verilog file "/inner_space/shakti/correlator/c-class/base-sim/verilog/mkmbox.v" into library xil_defaultlib
INFO: [VRFC 10-311] analyzing module mkmbox
INFO: [VRFC 10-2263] Analyzing Verilog file "/inner_space/shakti/correlator/c-class/base-sim/verilog/mkmulticycle_alu.v" into library xil_defaultlib
INFO: [VRFC 10-311] analyzing module mkmulticycle_alu
INFO: [VRFC 10-2263] Analyzing Verilog file "/inner_space/shakti/correlator/c-class/base-sim/verilog/mkregisterfile.v" into library xil_defaultlib
INFO: [VRFC 10-311] analyzing module mkregisterfile
INFO: [VRFC 10-2263] Analyzing Verilog file "/inner_space/shakti/correlator/c-class/base-sim/verilog/mkrestoring_div.v" into library xil_defaultlib
INFO: [VRFC 10-311] analyzing module mkrestoring_div
INFO: [VRFC 10-2263] Analyzing Verilog file "/inner_space/shakti/correlator/c-class/base-sim/verilog/mkriscv.v" into library xil_defaultlib
INFO: [VRFC 10-311] analyzing module mkriscv
INFO: [VRFC 10-2263] Analyzing Verilog file "/inner_space/shakti/correlator/c-class/base-sim/verilog/mkriscvDebug013.v" into library xil_defaultlib
INFO: [VRFC 10-311] analyzing module mkriscvDebug013
INFO: [VRFC 10-2263] Analyzing Verilog file "/inner_space/shakti/correlator/c-class/base-sim/verilog/mksign_dump.v" into library xil_defaultlib
INFO: [VRFC 10-311] analyzing module mksign_dump
INFO: [VRFC 10-2263] Analyzing Verilog file "/inner_space/shakti/correlator/c-class/base-sim/verilog/mkstage0.v" into library xil_defaultlib
INFO: [VRFC 10-311] analyzing module mkstage0
INFO: [VRFC 10-2263] Analyzing Verilog file "/inner_space/shakti/correlator/c-class/base-sim/verilog/mkstage1.v" into library xil_defaultlib
INFO: [VRFC 10-311] analyzing module mkstage1
INFO: [VRFC 10-2263] Analyzing Verilog file "/inner_space/shakti/correlator/c-class/base-sim/verilog/mkstage2.v" into library xil_defaultlib
INFO: [VRFC 10-311] analyzing module mkstage2
INFO: [VRFC 10-2263] Analyzing Verilog file "/inner_space/shakti/correlator/c-class/base-sim/verilog/mkstage3.v" into library xil_defaultlib
INFO: [VRFC 10-311] analyzing module mkstage3
INFO: [VRFC 10-2263] Analyzing Verilog file "/inner_space/shakti/correlator/c-class/base-sim/verilog/mkstage4.v" into library xil_defaultlib
INFO: [VRFC 10-311] analyzing module mkstage4
INFO: [VRFC 10-2263] Analyzing Verilog file "/inner_space/shakti/correlator/c-class/base-sim/verilog/mkstage5.v" into library xil_defaultlib
INFO: [VRFC 10-311] analyzing module mkstage5
INFO: [VRFC 10-2263] Analyzing Verilog file "/inner_space/shakti/correlator/c-class/base-sim/verilog/module_address_valid.v" into library xil_defaultlib
INFO: [VRFC 10-311] analyzing module module_address_valid
INFO: [VRFC 10-2263] Analyzing Verilog file "/inner_space/shakti/correlator/c-class/base-sim/verilog/module_chk_interrupt.v" into library xil_defaultlib
INFO: [VRFC 10-311] analyzing module module_chk_interrupt
INFO: [VRFC 10-2263] Analyzing Verilog file "/inner_space/shakti/correlator/c-class/base-sim/verilog/module_decode_word32.v" into library xil_defaultlib
INFO: [VRFC 10-311] analyzing module module_decode_word32
INFO: [VRFC 10-2263] Analyzing Verilog file "/inner_space/shakti/correlator/c-class/base-sim/verilog/module_decoder_func_32.v" into library xil_defaultlib
INFO: [VRFC 10-311] analyzing module module_decoder_func_32
INFO: [VRFC 10-2263] Analyzing Verilog file "/inner_space/shakti/correlator/c-class/base-sim/verilog/module_fn_alu.v" into library xil_defaultlib
INFO: [VRFC 10-311] analyzing module module_fn_alu
INFO: [VRFC 10-2263] Analyzing Verilog file "/inner_space/shakti/correlator/c-class/base-sim/verilog/module_fn_csr_op.v" into library xil_defaultlib
INFO: [VRFC 10-311] analyzing module module_fn_csr_op
INFO: [VRFC 10-2263] Analyzing Verilog file "/inner_space/shakti/correlator/c-class/base-sim/verilog/module_fn_decompress.v" into library xil_defaultlib
INFO: [VRFC 10-311] analyzing module module_fn_decompress
INFO: [VRFC 10-2263] Analyzing Verilog file "/inner_space/shakti/correlator/c-class/base-sim/verilog/module_fn_single_div.v" into library xil_defaultlib
INFO: [VRFC 10-311] analyzing module module_fn_single_div
INFO: [VRFC 10-2263] Analyzing Verilog file "/inner_space/shakti/correlator/c-class/base-sim/verilog/module_hasCSRPermission.v" into library xil_defaultlib
INFO: [VRFC 10-311] analyzing module module_hasCSRPermission
INFO: [VRFC 10-2263] Analyzing Verilog file "/inner_space/shakti/correlator/c-class/base-sim/verilog/module_valid_csr_access.v" into library xil_defaultlib
INFO: [VRFC 10-311] analyzing module module_valid_csr_access
INFO: [VRFC 10-2263] Analyzing Verilog file "/inner_space/shakti/correlator/c-class/base-sim/verilog/signedmul.v" into library xil_defaultlib
INFO: [VRFC 10-311] analyzing module signedmul
INFO: [VRFC 10-2263] Analyzing Verilog file "/inner_space/shakti/correlator/c-class/base-sim/verilog/mkTbSoc.v" into library xil_defaultlib
INFO: [VRFC 10-311] analyzing module mkTbSoc
